[debug] [2022-11-13T15:43:26.293Z] ----------------------------------------------------------------------
[debug] [2022-11-13T15:43:26.296Z] Command:       C:\Program Files\nodejs\node.exe C:\Users\Family\AppData\Roaming\npm\node_modules\firebase-tools\lib\bin\firebase.js init
[debug] [2022-11-13T15:43:26.297Z] CLI Version:   11.16.0
[debug] [2022-11-13T15:43:26.297Z] Platform:      win32
[debug] [2022-11-13T15:43:26.297Z] Node Version:  v18.12.1
[debug] [2022-11-13T15:43:26.298Z] Time:          Sun Nov 13 2022 22:43:26 GMT+0700 (Indochina Time)
[debug] [2022-11-13T15:43:26.298Z] ----------------------------------------------------------------------
[debug] 
[debug] [2022-11-13T15:43:26.308Z] > command requires scopes: ["email","openid","https://www.googleapis.com/auth/cloudplatformprojects.readonly","https://www.googleapis.com/auth/firebase","https://www.googleapis.com/auth/cloud-platform"]
[debug] [2022-11-13T15:43:26.309Z] > authorizing via signed-in user (osuzumiyao@gmail.com)
[info] 
     ######## #### ########  ######## ########     ###     ######  ########
     ##        ##  ##     ## ##       ##     ##  ##   ##  ##       ##
     ######    ##  ########  ######   ########  #########  ######  ######
     ##        ##  ##    ##  ##       ##     ## ##     ##       ## ##
     ##       #### ##     ## ######## ########  ##     ##  ######  ########

You're about to initialize a Firebase project in this directory:

  D:\Project2\projectfinal

[info] 
=== Project Setup
[info] 
[info] First, let's associate this project directory with a Firebase project.
[info] You can create multiple project aliases by running firebase use --add, 
[info] but for now we'll just set up a default project.
[info] 
[debug] [2022-11-13T15:44:01.860Z] >>> [apiv2][query] GET https://firebase.googleapis.com/v1beta1/projects pageSize=100
[debug] [2022-11-13T15:44:02.563Z] <<< [apiv2][status] GET https://firebase.googleapis.com/v1beta1/projects 200
[debug] [2022-11-13T15:44:02.563Z] <<< [apiv2][body] GET https://firebase.googleapis.com/v1beta1/projects [omitted]
[info] i  Using project projectstore-a21b4 (projectstore) 
[info] 
=== Firestore Setup
[debug] [2022-11-13T15:44:07.548Z] >>> [apiv2][query] GET https://serviceusage.googleapis.com/v1/projects/projectstore-a21b4/services/firestore.googleapis.com [none]
[debug] [2022-11-13T15:44:07.548Z] >>> [apiv2][(partial)header] GET https://serviceusage.googleapis.com/v1/projects/projectstore-a21b4/services/firestore.googleapis.com x-goog-quota-user=projects/projectstore-a21b4
[debug] [2022-11-13T15:44:09.070Z] <<< [apiv2][status] GET https://serviceusage.googleapis.com/v1/projects/projectstore-a21b4/services/firestore.googleapis.com 200
[debug] [2022-11-13T15:44:09.070Z] <<< [apiv2][body] GET https://serviceusage.googleapis.com/v1/projects/projectstore-a21b4/services/firestore.googleapis.com [omitted]
[debug] [2022-11-13T15:44:09.071Z] >>> [apiv2][query] GET https://appengine.googleapis.com/v1/apps/projectstore-a21b4 [none]
[debug] [2022-11-13T15:44:09.561Z] <<< [apiv2][status] GET https://appengine.googleapis.com/v1/apps/projectstore-a21b4 200
[debug] [2022-11-13T15:44:09.561Z] <<< [apiv2][body] GET https://appengine.googleapis.com/v1/apps/projectstore-a21b4 {"name":"apps/projectstore-a21b4","id":"projectstore-a21b4","authDomain":"gmail.com","locationId":"us-central","codeBucket":"staging.projectstore-a21b4.appspot.com","servingStatus":"SERVING","defaultHostname":"projectstore-a21b4.uc.r.appspot.com","defaultBucket":"projectstore-a21b4.appspot.com","serviceAccount":"projectstore-a21b4@appspot.gserviceaccount.com","gcrDomain":"us.gcr.io","databaseType":"CLOUD_FIRESTORE","featureSettings":{"splitHealthChecks":true,"useContainerOptimizedOs":true}}
[debug] [2022-11-13T15:44:09.561Z] database_type: CLOUD_FIRESTORE
[debug] [2022-11-13T15:44:09.561Z] > command requires scopes: ["email","openid","https://www.googleapis.com/auth/cloudplatformprojects.readonly","https://www.googleapis.com/auth/firebase","https://www.googleapis.com/auth/cloud-platform"]
[debug] [2022-11-13T15:44:09.561Z] > authorizing via signed-in user (osuzumiyao@gmail.com)
[debug] [2022-11-13T15:44:09.562Z] [iam] checking project projectstore-a21b4 for permissions ["firebase.projects.get"]
[debug] [2022-11-13T15:44:09.562Z] >>> [apiv2][query] POST https://cloudresourcemanager.googleapis.com/v1/projects/projectstore-a21b4:testIamPermissions [none]
[debug] [2022-11-13T15:44:09.562Z] >>> [apiv2][(partial)header] POST https://cloudresourcemanager.googleapis.com/v1/projects/projectstore-a21b4:testIamPermissions x-goog-quota-user=projects/projectstore-a21b4
[debug] [2022-11-13T15:44:09.563Z] >>> [apiv2][body] POST https://cloudresourcemanager.googleapis.com/v1/projects/projectstore-a21b4:testIamPermissions {"permissions":["firebase.projects.get"]}
[debug] [2022-11-13T15:44:10.755Z] <<< [apiv2][status] POST https://cloudresourcemanager.googleapis.com/v1/projects/projectstore-a21b4:testIamPermissions 200
[debug] [2022-11-13T15:44:10.756Z] <<< [apiv2][body] POST https://cloudresourcemanager.googleapis.com/v1/projects/projectstore-a21b4:testIamPermissions {"permissions":["firebase.projects.get"]}
[info] 
[info] Firestore Security Rules allow you to define how and when to allow
[info] requests. You can keep these rules in your project directory
[info] and publish them with firebase deploy.
[info] 
[info] 
[info] Firestore indexes allow you to perform complex queries while
[info] maintaining performance that scales with the size of the result
[info] set. You can keep index definitions in your project directory
[info] and publish them with firebase deploy.
[info] 
[info] 
=== Hosting Setup
[info] 
[info] Your public directory is the folder (relative to your project directory) that
[info] will contain Hosting assets to be uploaded with firebase deploy. If you
[info] have a build process for your assets, use your build's output directory.
[info] 
[debug] [2022-11-13T15:45:32.872Z] >>> [apiv2][query] GET https://www.gstatic.com/firebasejs/releases.json [none]
[debug] [2022-11-13T15:45:33.014Z] <<< [apiv2][status] GET https://www.gstatic.com/firebasejs/releases.json 200
[debug] [2022-11-13T15:45:33.014Z] <<< [apiv2][body] GET https://www.gstatic.com/firebasejs/releases.json {"current":{"version":"9.14.0","browserURL":"https://www.gstatic.com/firebasejs/9.14.0/firebase.js","packageURL":"https://www.gstatic.com/firebasejs/9.14.0/firebase.tgz"},"live":{"version":"9.14","browserURL":"https://www.gstatic.com/firebasejs/live/9.14/firebase.js","packageURL":"https://www.gstatic.com/firebasejs/live/9.14/firebase.tgz"},"components":{"analytics":"https://www.gstatic.com/firebasejs/9.14.0/firebase-analytics.js","app":"https://www.gstatic.com/firebasejs/9.14.0/firebase-app.js","app-check":"https://www.gstatic.com/firebasejs/9.14.0/firebase-app-check.js","auth":"https://www.gstatic.com/firebasejs/9.14.0/firebase-auth.js","auth/cordova":"https://www.gstatic.com/firebasejs/9.14.0/firebase-auth/cordova.js","auth/react-native":"https://www.gstatic.com/firebasejs/9.14.0/firebase-auth/react-native.js","functions":"https://www.gstatic.com/firebasejs/9.14.0/firebase-functions.js","firestore":"https://www.gstatic.com/firebasejs/9.14.0/firebase-firestore.js","firestore/lite":"https://www.gstatic.com/firebasejs/9.14.0/firebase-firestore/lite.js","installations":"https://www.gstatic.com/firebasejs/9.14.0/firebase-installations.js","storage":"https://www.gstatic.com/firebasejs/9.14.0/firebase-storage.js","performance":"https://www.gstatic.com/firebasejs/9.14.0/firebase-performance.js","remote-config":"https://www.gstatic.com/firebasejs/9.14.0/firebase-remote-config.js","messaging":"https://www.gstatic.com/firebasejs/9.14.0/firebase-messaging.js","messaging/sw":"https://www.gstatic.com/firebasejs/9.14.0/firebase-messaging/sw.js","database":"https://www.gstatic.com/firebasejs/9.14.0/firebase-database.js","firestore.memory":"https://www.gstatic.com/firebasejs/9.14.0/firebase-firestore.memory.js"}}
[debug] [2022-11-13T15:45:33.018Z] Error: ENOTDIR: not a directory, scandir 'D:\Project2\projectfinal\y'
    at Object.readdirSync (node:fs:1451:3)
    at Object.createFileSync (C:\Users\Family\AppData\Roaming\npm\node_modules\firebase-tools\node_modules\fs-extra\lib\ensure\file.js:55:10)
    at Config.writeProjectFile (C:\Users\Family\AppData\Roaming\npm\node_modules\firebase-tools\lib\config.js:152:12)
    at C:\Users\Family\AppData\Roaming\npm\node_modules\firebase-tools\lib\config.js:176:22
    at process.processTicksAndRejections (node:internal/process/task_queues:95:5)
    at async doSetup (C:\Users\Family\AppData\Roaming\npm\node_modules\firebase-tools\lib\init\features\hosting\index.js:133:9)
    at async init (C:\Users\Family\AppData\Roaming\npm\node_modules\firebase-tools\lib\init\index.js:36:9)
[error] 
[error] Error: An unexpected error has occurred.
